0,ジャネットのアヒルは1日に16個の卵を生みます。ジャネットは毎朝朝食の一環で3個を消費し、毎日4個使って友達向けにマフィンを焼きます。残りを市場で1個あたり2ドルの価格で売ります。彼女は毎日市場でいくら手に入れていますか？
このような問題を解決するために、どのような方法がありますか？

A:

このような問題を解決するために、どのような方法がありますか？

このような問題を解決するために、どのような方法がありますか？

このような問題を解決するために、どのような方法がありますか？

このような問題を解決するために、どのような方法がありますか？

このような問題を解決するために、どのような方法がありますか？

このような問題を解決するために、どのような方法がありますか？

このような問題を解決するために、どのような方法がありますか？

このような問題を解決するために、どのような方法がありますか？

このような問題を解決するために、どのような方法がありますか？

このような問題を解決するために、どのような方法がありますか？

このような問題を解決するために、どのような方法がありますか？

このような問題を解決するために、どのような方法がありますか？

このような問題を解決するために、どのような方法がありますか？

このような問題を解決するために、どのような方法がありますか？

このような問題を解決するために、どのような方法がありますか？

このような問題を解決するために、どのような方法がありますか？

このような問題を解決するために、どのような方法がありますか？
1,ローブを作成するには、青色の繊維を2巻分、白色の繊維をその半分用いる必要があります。全体で何巻必要ですか？
これを作成するには、どのようにすればよいでしょうか？
よろしくお願いいたします。

A:

これを作成するには、どのようにすればよいでしょうか？

これを作成するには、どのようにすればよいでしょうか？

これを作成するには、どのようにすればよいでしょうか？

これを作成するには、どのようにすればよいでしょうか？

これを作成するには、どのようにすればよいでしょうか？

これを作成するには、どのようにすればよいでしょうか？

これを作成するには、どのようにすればよいでしょうか？

これを作成するには、どのようにすればよいでしょうか？

これを作成するには、どのようにすればよいでしょうか？

これを作成するには、どのようにすればよいでしょうか？

これを作成するには、どのようにすればよいでしょうか？

これを作成するには、どのようにすればよいでしょうか？

これを作成するには、どのようにすればよいでしょうか？

これを作成するには、どのようにすればよいでしょうか？

これを作成するには、どのようにすればよいでしょうか？

これを作成するには、どのようにすればよいでしょうか？

これを作成するには、どのようにすればよいでしょうか？

これを作成するには、どのようにすればよいでしょうか？

これを作成するには、どのようにすればよいで
2,ジョッシュは不動産の売買に挑戦してみることにしました。8万ドルで家を購入し、5万ドルかけて修繕しました。その結果、家の価格は150%分増えました。ジョッシュの利益はいくらでしょうか？
その他の問題はありますが、ジョッシュの利益はいくらでしょうか？

A:

ジョッシュの利益はいくらでしょうか？

ジョッシュの利益はいくらでしょうか？

というのは、ジョッシュの利益はいくらでしょうか？というのは、ジョッシュの利益はいくらでしょうか？というのは、ジョッシュの利益はいくらでしょうか？というのは、ジョッシュの利益はいくらでしょうか？というのは、ジョッシュの利益はいくらでしょうか？というのは、ジョッシュの利益はいくらでしょうか？というのは、ジョッシュの利益はいくらでしょうか？というのは、ジョッシュの利益はいくらでしょうか？というのは、ジョッシュの利益はいくらでしょうか？というのは、ジョッシュの利益はいくらでしょうか？というのは、ジョッシュの利益はいくらでしょうか？というのは、ジョッシュの利益はいくらでしょうか？というのは、ジョッシュの利益はいくらでしょうか？というのは、ジョッシュの利益はいくらでしょうか？というのは、ジョッシュの利益はいくらでしょうか？というのは、ジョッシュの利益はいくらでしょうか？とい
3,ジェイムズは週に3回、毎回3本のスプリントを走ることに決めました。スプリントごとに60メートル走ります。ジェイムズは1週間で何メートル走るでしょうか？
よろしくお願いします。

A:

60メートル走ると思います。
60メートルのスプリントを走ると、60*60*60*60 = 1,280,000メートル走ると思います。
4,毎日、ウェンディは飼っている鶏に対して、健康維持のため、種、ミールワーム、野菜を含む混合試料を3カップ分与えています。鶏への餌は3回に分けて与えています。朝、鶏全体に対して15カップ分の餌を与えます。午後、さらに25カップ分の餌を与えます。仮にウェンディの鶏の総数が20羽だった場合、3回目の餌やりでは何カップ分与える必要があるでしょうか？
よろしくお願いいたします。

A:

このような場合、「分の数」と「カップ分」の間の関係は、「分の数」と「カップの数」の間の関係のように理解してください。
例えば、「分の数」と「カップの数」の間の関係は、「分の数」と「カップの数」の間の関係のように理解してください。
例えば、「分の数」と「カップの数」の間の関係は、「分の数」と「カップの数」の間の関係のように理解してください。
例えば、「分の数」と「カップの数」の間の関係は、「分の数」と「カップの数」の間の関係のように理解してください。
例えば、「分の数」と「カップの数」の間の関係は、「分の数」と「カップの数」の間の関係のように理解してください。
例えば、「分の数」と「カップの数」の間の関係は、「分の数」と「カップの数」の間の関係のように理解してください。
例えば、「分の
5,カイラーは新しいアパート用にグラスを買いに店に出かけました。グラスは1つあたり5ドルかかりますが、1つ買うと2つ目は本来の60%の価格で買えます。カイラーはグラスを16個買おうとしています。総額はいくらになるでしょうか？
よろしくお願いします。

A:

1つ買うと2つ目は本来の60%の価格で買えます。

ということは、「1つ買うと2つ目は本来の60%の価格で買えます」ということです。

1つ買うと2つ目は本来の60%の価格で買えます。

ということは、「1つ買うと2つ目は本来の60%の価格で買えます」ということです。

1つ買うと2つ目は本来の60%の価格で買えます。

ということは、「1つ買うと2つ目は本来の60%の価格で買えます」ということです。

1つ買うと2つ目は本来の60%の価格で買えます。

ということは、「1つ買うと2つ目は本来の60%の価格で買えます」ということです。

1つ買うと2つ目は本来の60%の価格で買えます。

ということは、「1つ買うと2つ目は本来の60%の価格で買えます」ということです。

1つ買うと2つ目は本来の60%の価格で買えます。

ということは、「1つ買うと2つ目は本来の60%の価格で買えます」ということです。

1つ買うと2つ目は本来の60%の価格で買えます。

ということは、「1つ買うと2つ目は本来の60%の価格で買
6,トゥルーズはチャールストンに比べ2倍の数の羊を飼っています。チャールストンはシアトルに比べ4倍の数の羊を飼っています。シアトルが飼っている羊の数が20頭だったとしたら、トゥルーズ、チャールストン、シアトルが飼っている羊の総数は何頭でしょうか？
よろしくお願いします。

A:

20頭の羊を飼っているトゥルーズ、チャールストン、シアトルの総数は

20 + 20 + 20 = 80

ということです。
7,カーラは200ギガバイトのファイルをダウンロードしダウンロードしようとしています。通常であれば1分あたり2ギガバイトの速度でダウンロードが可能なのですが、ダウンロードが40%進んだところで、ウィンドウズがアップデートのインストールのため20分かけて再起動してしまいます。その後、カーラは最初からダウンロードをし直すことになりました。ファイルのダウンロードにはどれほどの時間がかかりますか？
よろしくお願いいたします。

A:

ダウンロードが40%進んだところで、ウィンドウズがアップデートのインストールのため20分かけて再起動してしまいます。その後、カーラは最初からダウンロードをし直すことになりました。ファイルのダウンロードにはどれほどの時間がかかりますか？

ダウンロードが40%進んだところで、ウィンドウズがアップデートのインストールのため20分かけて再起動してしまいます。その後、カーラは最初からダウンロードをし直すことになりました。ファイルのダウンロードにはどれほどの時間がかかりますか？

ダウンロードが40%進んだところで、ウィンドウズがアップデートのインストールのため20分かけて再起動してしまいます。その後、カーラは最初からダウンロードをし直すことになりました。ファイルのダウンロードにはどれほどの時間がかかりますか？

ダウンロードが40%進んだところで、ウィンドウズがアップデートのインストールのため20分かけて
8,ジョンは時速60マイルで3時間車を運転した後に、自宅に非常に大事なものを忘れたことに気づいたため引き返します。4時間以内に自宅に戻ろうとしますが、最初の2時間は大渋滞で動けません。次の30分間を時速30マイルで運転し、その後時速80マイルで自宅に向かいました。4時間が経過したタイミングで、ジョンは自宅から何マイル離れていることになりますか？
これは、ジョンの自宅から何マイル離れていることになりますか？
という問題です。

A:

この問題については、以下のように解釈できます。
1時間の車を運転した後に、自宅に非常に大事なものを忘れたことに気づいたため引き返します。

この部分は、「自宅に非常に大事なものを忘れたことに気づいたため引き返します」ということを表す。

4時間以内に自宅に戻ろうとしますが、最初の2時間は大渋滞で動けません。次の30分間を時速30マイルで運転し、その後時速80マイルで自宅に向かいました。4時間が経過したタイミングで、ジョンは自宅から何マイル離れていることになりますか？

この部分は、「ジョンは自宅から何マイル離れていることになりますか？」ということを表す。

これは、ジョンの自宅から何マイル離れていることになりますか？

この部分は、「これは、ジョンの自宅から何マイル離れていることになりますか？」ということを表す。

これは、ジョンの自宅から何マイル離れていることになります
9,エライザの時給は、週の最初の40時間は、10ドルです。残業代は通常の1.2倍の給料が支払われます。エライザが今週45時間働いたとしたら、彼女が手にできる給料はいくらでしょうか？

A:

エライザの時給は、週の最初の40時間は、10ドルです。残業代は通常の1.2倍の給料が支払われます。エライザが今週45時間働いたとしたら、彼女が手にできる給料はいくらでしょうか？

エライザの時給は、週の最初の40時間は、10ドルです。残業代は通常の1.2倍の給料が支払われます。エライザが今週45時間働いたとしたら、彼女が手にできる給料はいくらでしょうか？

エライザの時給は、週の最初の40時間は、10ドルです。残業代は通常の1.2倍の給料が支払われます。エライザが今週45時間働いたとしたら、彼女が手にできる給料はいくらでしょうか？

エライザの時給は、週の最初の40時間は、10ドルです。残業代は通常の1.2倍の給料が支払われます。エライザが今週45時間働いたとしたら、彼女が手にできる給料はいくらでしょうか？

エライザの時給は、週の最初の40時間は、10ドルです。残業代は通常の1.2倍の給料が支払われます。エライザが今週45時間働いたとしたら、彼女が手にできる給料はいくらでしょうか？

エライザの時給は、週の最初の40時間は、10ドルです。残業代は通常の1.2倍の給料が支払われます。
10,新規のプログラムが最初の月は60回ダウンロードされました。2か月目にはダウンロード回数は3倍に膨れ上がりましたが、3か月目は30%減少しました。3か月間でプログラムのダウンロード回数は合計何回だったでしょうか？
よろしくお願いします。

A:

プログラムのダウンロード回数は、プログラムのダウンロード回数と、プログラムのダウンロード回数の合計です。
例えば、プログラムのダウンロード回数が60回と、プログラムのダウンロード回数の合計が120回となっているとします。
その場合、プログラムのダウンロード回数が60回と、プログラムのダウンロード回数の合計が120回となっているとします。
プログラムのダウンロード回数が60回と、プログラムのダウンロード回数の合計が120回となっているとします。
プログラムのダウンロード回数が60回と、プログラムのダウンロード回数の合計が120回となっているとします。
プログラムのダウンロード回数が60回と、プログラムのダウンロード回数の合計が120回となっているとします。
プログラムのダウンロード回数が60回と、プログラムのダウンロード回数の合計が120回となっているとします。
11,トゥーラはパン屋さんに行き、様々なペーストリーを買いました。12個あたり68ドルかかるドーナッツを36個、12個あたり80ドルかかるミニカップケーキを24個、12個あたり55ドルかかるミニチーズケーキを72個購入しました。合計金額はいくらだったでしょうか？
その後、パン屋さんに行き、その店の店員に話しました。店員さんは、「これはパン屋さんのお店です。これらのペーストリーは、パン屋さんのお店では、お客様には、それらのペーストリーを買います。それらのペーストリーは、パン屋さんのお店では、お客様には、それらのペーストリーを買います。それらのペーストリーは、パン屋さんのお店では、お客様には、それらのペーストリーを買います。それらのペーストリーは、パン屋さんのお店では、お客様には、それらのペーストリーを買います。それらのペーストリーは、パン屋さんのお店では、お客様には、それらのペーストリーを買います。それらのペーストリーは、パン屋さんのお店では、お客様には、それらのペーストリーを買います。それらのペーストリーは、パン屋さんのお店では、お客様には、それらのペーストリーを買います。それらのペーストリーは、パン屋さんのお店では、お客様には、それらのペーストリーを買います。それらのペーストリーは
12,カルロスはレモンの木を植えようとしています。レモンの木は植えるのに90ドルかかります。毎年7個のレモンがなり、1つあたり1.5ドルで売れます。木に水をやり肥料を与えるのに1年間で3ドルかかります。カルロスがレモンの木で収益を得るようになるには何年かかりますか？ 答え：3ヶ月。 解析： 答え：3ヶ月。 解析： 答え：3ヶ月。 解析： 答え：3ヶ月。 解析： 答え：3ヶ月。 解析： 答え：3ヶ月。 解析： 答え：3ヶ月。 解析： 答え：3ヶ月。 解析： 答え：3ヶ月。 解析： 答え：3ヶ月。 解析： 答え：3ヶ月。 解析： 答え：3ヶ月。 解析： 答え：3ヶ月。 解析： 答え：3ヶ月。 解析： 答え：3ヶ月。 解析： 答え：3ヶ月。 解析： 答え：3ヶ月。 解析： 答え：3ヶ月。 解析： 答え：3ヶ月。 解析： 答え：3ヶ月。 解析： 答え：3ヶ月。 解析： 答え：3ヶ月。 解析： 答え：3ヶ月。 解析： 答え：3ヶ月。 解析： 答え：3ヶ月。 解析： 答え：3ヶ月。 解析： 答え：3ヶ月。 解析： 答え：3ヶ月。 解析： 答え：3ヶ月。 解析： 答え：3ヶ月。 解析： 答え：3ヶ月。 解析： 答え：3ヶ
13,メラニーは訪問販売員です。販売中の掃除機のうち、緑の家で3分の1、赤の家で2台、オレンジの家で残数の半分を販売しました。メラニーの手元に掃除機が5台残っている場合、販売開始時点で何台持っていたことになりますか？
いいえ、5台のみ残っている場合、5台のみ販売しました。
いいえ、5台のみ残っている場合、5台のみ販売しました。
いいえ、5台のみ残っている場合、5台のみ販売しました。
いいえ、5台のみ残っている場合、5台のみ販売しました。
いいえ、5台のみ残っている場合、5台のみ販売しました。
いいえ、5台のみ残っている場合、5台のみ販売しました。
いいえ、5台のみ残っている場合、5台のみ販売しました。
いいえ、5台のみ残っている場合、5台のみ販売しました。
いいえ、5台のみ残っている場合、5台のみ販売しました。
いいえ、5台のみ残っている場合、5台のみ販売しました。
いいえ、5台のみ残っている場合、5台のみ販売しました。
いいえ、5台のみ残っている場合、5台のみ販売しました。
いいえ、5台のみ残っている場合、5台のみ販売しました。
いいえ、5台のみ残っている場合、5台のみ販売しました。
いいえ、5台のみ残っている場合、5台のみ販売しました。
いいえ、5台のみ残っている場合、5台のみ販売しました。
いいえ、5台のみ残っている場合、5
14,20人の生徒からなるダンスクラスで、20%がコンテンポラリーダンス、残りの生徒のうち25%がジャズダンス、その残りがヒップホップダンスを学んでいます。生徒全体のうちヒップホップダンスを学んでいる人の割合は何ですか？ 答え:ヒップホップダンスを学んでいる人の割合は10%です。 问题:これは、生徒全体のうちヒップホップダンスを学んでいる人の割合のどのような数ですか？ 答え:ヒップホップダンスを学んでいる人の割合のどのような数ですか？ 答え:ヒップホップダンスを学んでいる人の割合のどのような数ですか？ 答え:ヒップホップダンスを学んでいる人の割合のどのような数ですか？ 答え:ヒップホップダンスを学んでいる人の割合のどのような数ですか？ 答え:ヒップホップダンスを学んでいる人の割合のどのような数ですか？ 答え:ヒップホップダンスを学んでいる人の割合のどのような数ですか？ 答え:ヒップホップダンスを学んでいる人の割合のどのような数ですか？ 答え:ヒップホップダンスを学んでいる人の割合のどのような数ですか？ 答え:ヒップホップダンスを学んでいる人の割合のどのような数ですか？ 答え:ヒップホップダンスを学んでい
15,ある商人が、5,000ドルの宝石と8,000ドルの電化製品という2つの仕入れ計画から1つを選択しようとしています。商人の金融アドバイザーの推測によれば、今後同じ月の間に、宝石の価格は2.5%、電化製品の価格は1.2%上昇します。この月の終わりに利益を最大化できるよう仕入れ計画を選択するとすると、その利益はいくらになりますか？
よろしくお願いします。

A:

この月の終わりに利益を最大化できるよう仕入れ計画を選択するとすると、その利益はいくらになりますか？

いくらになりますか？

いくらになりますか？

いくらになりますか？

いくらになりますか？

いくらになりますか？

いくらになりますか？

いくらになりますか？

いくらになりますか？

いくらになりますか？

いくらになりますか？

いくらになりますか？

いくらになりますか？

いくらになりますか？

いくらになりますか？

いくらになりますか？

いくらになりますか？

いくらになりますか？

いくらになりますか？

いくらになりますか？

いくらになりますか？

いくらになりますか？

いくらになりますか？

いくらになりますか？

いくらになりますか？

いくらになりますか？

いくらになりますか？

いくらになりますか？

いくらになりますか？

いくらになりますか？

いくらになりますか？

いくらになりますか
16,サンラファエルを2つの電車が同時に出発します。いずれも西の方向に向かって80マイル走行します。次の日、北の方向に向かって150マイル進みました。それぞれの電車が2日間で走行した距離は何マイルですか？
A. 300 B. 400 C. 500 D. 600

A:

A. 300 B. 400 C. 500 D. 600

A:

A. 300 B. 400 C. 500 D. 600

A:

A. 300 B. 400 C. 500 D. 600

A:

A. 300 B. 400 C. 500 D. 600

A:

A. 300 B. 400 C. 500 D. 600

A:

A. 300 B. 400 C. 500 D. 600
17,ジルは、教員としては時給20ドル、チアリーディングコーチとしては時給30ドル受け取ります。ジルが年間50週間働き、1週間に35時間を教員、15時間をコーチとして働いた場合、年間の給料はいくらになりますか？
その場合、1年間に教員として働いた時間が50週間、コーチとして働いた時間が35週間となる場合、1年間の給料はいくらになりますか？
その場合、1年間に教員として働いた時間が50週間、コーチとして働いた時間が35週間となる場合、1年間の給料はいくらになりますか？
その場合、1年間に教員として働いた時間が50週間、コーチとして働いた時間が35週間となる場合、1年間の給料はいくらになりますか？
その場合、1年間に教員として働いた時間が50週間、コーチとして働いた時間が35週間となる場合、1年間の給料はいくらになりますか？
その場合、1年間に教員として働いた時間が50週間、コーチとして働いた時間が35週間となる場合、1年間の給料はいくらになりますか？
その場合、1年間に教員として働いた時間が50週間、コーチとして働いた時間が35週間となる場合、1年間の給料はいくらになりますか？
その場合、1年間に教員として働いた時間が50週間、コーチとして働いた時間が35週間となる場合、1年間の給料はいくらになりますか？
その場合、1年間に教員として働いた時間が50週
18,クレアは毎朝朝ごはん用に卵を3つ使ったオムレツを作ります。クレアは4週間で卵を何個食べることになりますか？
お世話になります。

A:

お世話になります。

お世話になります。

は、「お世話になります。」のように、「お世話になります。」のように、「お世話になります。」のように、「お世話になります。」のように、「お世話になります。」のように、「お世話になります。」のように、「お世話になります。」のように、「お世話になります。」のように、「お世話になります。」のように、「お世話になります。」のように、「お世話になります。」のように、「お世話になります。」のように、「お世話になります。」のように、「お世話になります。」のように、「お世話になります。」のように、「お世話になります。」のように、「お世話になります。」のように、「お世話になります。」のように、「お世話になります。」のように、「お世話になります。」のように、「お世話になります。」のように、「お世話になります。」のように、「お世話になります。」のように、「お世話になります。」のように、「お世話になります。」のように、「お世話になります。」のように、「お世話になります